info it worked if it ends with ok
verbose cli [ 'node', '/usr/local/bin/npm', 'install', 'bluebird' ]
info using npm@1.1.0-2
info using node@v0.6.8
verbose config file /home/redone/.npmrc
verbose config file /usr/local/etc/npmrc
verbose config file /usr/local/lib/node_modules/npm/npmrc
verbose caching /home/redone/git/facebook-chat-api/package.json
verbose loadDefaults facebook-chat-api@0.1.11
verbose from cache /home/redone/git/facebook-chat-api/package.json
verbose cache add [ 'bluebird@^2.9.27', null ]
silly cache add: name, spec, args [ undefined, 'bluebird@^2.9.27', [ 'bluebird@^2.9.27', null ] ]
verbose parsed url { pathname: 'bluebird@^2.9.27',
verbose parsed url   path: 'bluebird@^2.9.27',
verbose parsed url   href: 'bluebird@^2.9.27' }
silly cache add: name, spec, args [ 'bluebird', '^2.9.27', [ 'bluebird', '^2.9.27' ] ]
verbose parsed url { pathname: '^2.9.27', path: '^2.9.27', href: '^2.9.27' }
verbose addNamed [ 'bluebird', '^2.9.27' ]
verbose addNamed [ null, null ]
info addNameTag [ 'bluebird', '^2.9.27' ]
verbose raw, before any munging bluebird
verbose url resolving [ 'https://registry.npmjs.org/', './bluebird' ]
verbose url resolved https://registry.npmjs.org/bluebird
http GET https://registry.npmjs.org/bluebird
ERR! Error: failed to fetch from registry: bluebird
ERR!     at /usr/local/lib/node_modules/npm/lib/utils/npm-registry-client/get.js:139:12
ERR!     at cb (/usr/local/lib/node_modules/npm/lib/utils/npm-registry-client/request.js:32:9)
ERR!     at Request._callback (/usr/local/lib/node_modules/npm/lib/utils/npm-registry-client/request.js:137:18)
ERR!     at Request.callback (/usr/local/lib/node_modules/npm/node_modules/request/main.js:109:22)
ERR!     at Request.<anonymous> (/usr/local/lib/node_modules/npm/node_modules/request/main.js:198:58)
ERR!     at Request.emit (events.js:88:20)
ERR!     at ClientRequest.<anonymous> (/usr/local/lib/node_modules/npm/node_modules/request/main.js:356:14)
ERR!     at ClientRequest.emit (events.js:67:17)
ERR!     at HTTPParser.onIncoming (http.js:1238:11)
ERR!     at HTTPParser.onHeadersComplete (http.js:102:31)
ERR! You may report this log at:
ERR!     <http://github.com/isaacs/npm/issues>
ERR! or email it to:
ERR!     <npm-@googlegroups.com>
ERR! 
ERR! System Linux 2.6.32-5-686
ERR! command "node" "/usr/local/bin/npm" "install" "bluebird"
ERR! cwd /home/redone/git/facebook-chat-api
ERR! node -v v0.6.8
ERR! npm -v 1.1.0-2
ERR! message failed to fetch from registry: bluebird
verbose exit [ 1, true ]
